This is pdfTeX, Version 3.14159265-2.6-1.40.16 (MiKTeX 2.9 64-bit) (preloaded format=pdflatex 2015.10.15)  5 MAY 2016 18:08
entering extended mode
**C:/Users/Nick/Documents/GitHub/am207-NILM-project/report/Report.tex
(C:/Users/Nick/Documents/GitHub/am207-NILM-project/report/Report.tex
LaTeX2e <2015/10/01> patch level 1
Babel <3.9m> and hyphenation patterns for 69 languages loaded.
("C:\Program Files\MiKTeX 2.9\tex\latex\base\article.cls"
Document Class: article 2014/09/29 v1.4h Standard LaTeX document class
("C:\Program Files\MiKTeX 2.9\tex\latex\base\size10.clo"
File: size10.clo 2014/09/29 v1.4h Standard LaTeX file (size option)
)
\c@part=\count79
\c@section=\count80
\c@subsection=\count81
\c@subsubsection=\count82
\c@paragraph=\count83
\c@subparagraph=\count84
\c@figure=\count85
\c@table=\count86
\abovecaptionskip=\skip41
\belowcaptionskip=\skip42
\bibindent=\dimen102
)
(Settings/Packages.tex
("C:\Program Files\MiKTeX 2.9\tex\latex\tex-gyre\tgschola.sty"
Package: tgschola 2009/09/27 v1.2 TeX Gyre Schola as default roman family

("C:\Program Files\MiKTeX 2.9\tex\latex\oberdiek\kvoptions.sty"
Package: kvoptions 2011/06/30 v3.11 Key value format for package options (HO)

("C:\Program Files\MiKTeX 2.9\tex\latex\graphics\keyval.sty"
Package: keyval 2014/10/28 v1.15 key=value parser (DPC)
\KV@toks@=\toks14
)
("C:\Program Files\MiKTeX 2.9\tex\generic\oberdiek\ltxcmds.sty"
Package: ltxcmds 2011/11/09 v1.22 LaTeX kernel commands for general use (HO)
)
("C:\Program Files\MiKTeX 2.9\tex\generic\oberdiek\kvsetkeys.sty"
Package: kvsetkeys 2012/04/25 v1.16 Key value parser (HO)

("C:\Program Files\MiKTeX 2.9\tex\generic\oberdiek\infwarerr.sty"
Package: infwarerr 2010/04/08 v1.3 Providing info/warning/error messages (HO)
)
("C:\Program Files\MiKTeX 2.9\tex\generic\oberdiek\etexcmds.sty"
Package: etexcmds 2011/02/16 v1.5 Avoid name clashes with e-TeX commands (HO)

("C:\Program Files\MiKTeX 2.9\tex\generic\oberdiek\ifluatex.sty"
Package: ifluatex 2010/03/01 v1.3 Provides the ifluatex switch (HO)
Package ifluatex Info: LuaTeX not detected.
)
Package etexcmds Info: Could not find \expanded.
(etexcmds)             That can mean that you are not using pdfTeX 1.50 or
(etexcmds)             that some package has redefined \expanded.
(etexcmds)             In the latter case, load this package earlier.
))))
("C:\Program Files\MiKTeX 2.9\tex\latex\base\fontenc.sty"
Package: fontenc 2005/09/27 v1.99g Standard LaTeX package

("C:\Program Files\MiKTeX 2.9\tex\latex\base\t1enc.def"
File: t1enc.def 2005/09/27 v1.99g Standard LaTeX file
LaTeX Font Info:    Redeclaring font encoding T1 on input line 48.
)
LaTeX Font Info:    Try loading font information for T1+qcs on input line 105.

("C:\Program Files\MiKTeX 2.9\tex\latex\tex-gyre\t1qcs.fd"
File: t1qcs.fd 2009/09/25 v1.2 font definition file for T1/qcs
))
("C:\Program Files\MiKTeX 2.9\tex\generic\babel\babel.sty"
Package: babel 2015/08/03 3.9m The Babel package

*************************************
* Local config file bblopts.cfg used
*
("C:\Program Files\MiKTeX 2.9\tex\latex\00miktex\bblopts.cfg"
File: bblopts.cfg 2006/07/31 v1.0 MiKTeX 'babel' configuration
)
("C:\Program Files\MiKTeX 2.9\tex\latex\babel-english\english.ldf"
Language: english 2012/08/20 v3.3p English support from the babel system

("C:\Program Files\MiKTeX 2.9\tex\generic\babel\babel.def"
File: babel.def 2015/08/03 3.9m Babel common definitions
\babel@savecnt=\count87
\U@D=\dimen103
)
\l@canadian = a dialect from \language\l@american 
\l@australian = a dialect from \language\l@british 
\l@newzealand = a dialect from \language\l@british 
))
("C:\Program Files\MiKTeX 2.9\tex\latex\xcolor\xcolor.sty"
Package: xcolor 2007/01/21 v2.11 LaTeX color extensions (UK)

("C:\Program Files\MiKTeX 2.9\tex\latex\00miktex\color.cfg"
File: color.cfg 2007/01/18 v1.5 color configuration of teTeX/TeXLive
)
Package xcolor Info: Driver file: pdftex.def on input line 225.

("C:\Program Files\MiKTeX 2.9\tex\latex\pdftex-def\pdftex.def"
File: pdftex.def 2011/05/27 v0.06d Graphics/color for pdfTeX
\Gread@gobject=\count88
)
Package xcolor Info: Model `cmy' substituted by `cmy0' on input line 1337.
Package xcolor Info: Model `hsb' substituted by `rgb' on input line 1341.
Package xcolor Info: Model `RGB' extended on input line 1353.
Package xcolor Info: Model `HTML' substituted by `rgb' on input line 1355.
Package xcolor Info: Model `Hsb' substituted by `hsb' on input line 1356.
Package xcolor Info: Model `tHsb' substituted by `hsb' on input line 1357.
Package xcolor Info: Model `HSB' substituted by `hsb' on input line 1358.
Package xcolor Info: Model `Gray' substituted by `gray' on input line 1359.
Package xcolor Info: Model `wave' substituted by `hsb' on input line 1360.

("C:\Program Files\MiKTeX 2.9\tex\latex\graphics\dvipsnam.def"
File: dvipsnam.def 2014/10/14 v3.0j Driver-dependent file (DPC,SPQR)
))
("C:\Program Files\MiKTeX 2.9\tex\latex\amsmath\amsmath.sty"
Package: amsmath 2013/01/14 v2.14 AMS math features
\@mathmargin=\skip43

For additional information on amsmath, use the `?' option.
("C:\Program Files\MiKTeX 2.9\tex\latex\amsmath\amstext.sty"
Package: amstext 2000/06/29 v2.01

("C:\Program Files\MiKTeX 2.9\tex\latex\amsmath\amsgen.sty"
File: amsgen.sty 1999/11/30 v2.0
\@emptytoks=\toks15
\ex@=\dimen104
))
("C:\Program Files\MiKTeX 2.9\tex\latex\amsmath\amsbsy.sty"
Package: amsbsy 1999/11/29 v1.2d
\pmbraise@=\dimen105
)
("C:\Program Files\MiKTeX 2.9\tex\latex\amsmath\amsopn.sty"
Package: amsopn 1999/12/14 v2.01 operator names
)
\inf@bad=\count89
LaTeX Info: Redefining \frac on input line 210.
\uproot@=\count90
\leftroot@=\count91
LaTeX Info: Redefining \overline on input line 306.
\classnum@=\count92
\DOTSCASE@=\count93
LaTeX Info: Redefining \ldots on input line 378.
LaTeX Info: Redefining \dots on input line 381.
LaTeX Info: Redefining \cdots on input line 466.
\Mathstrutbox@=\box26
\strutbox@=\box27
\big@size=\dimen106
LaTeX Font Info:    Redeclaring font encoding OML on input line 566.
LaTeX Font Info:    Redeclaring font encoding OMS on input line 567.
\macc@depth=\count94
\c@MaxMatrixCols=\count95
\dotsspace@=\muskip10
\c@parentequation=\count96
\dspbrk@lvl=\count97
\tag@help=\toks16
\row@=\count98
\column@=\count99
\maxfields@=\count100
\andhelp@=\toks17
\eqnshift@=\dimen107
\alignsep@=\dimen108
\tagshift@=\dimen109
\tagwidth@=\dimen110
\totwidth@=\dimen111
\lineht@=\dimen112
\@envbody=\toks18
\multlinegap=\skip44
\multlinetaggap=\skip45
\mathdisplay@stack=\toks19
LaTeX Info: Redefining \[ on input line 2665.
LaTeX Info: Redefining \] on input line 2666.
)
("C:\Program Files\MiKTeX 2.9\tex\latex\amsfonts\amssymb.sty"
Package: amssymb 2013/01/14 v3.01 AMS font symbols

("C:\Program Files\MiKTeX 2.9\tex\latex\amsfonts\amsfonts.sty"
Package: amsfonts 2013/01/14 v3.01 Basic AMSFonts support
\symAMSa=\mathgroup4
\symAMSb=\mathgroup5
LaTeX Font Info:    Overwriting math alphabet `\mathfrak' in version `bold'
(Font)                  U/euf/m/n --> U/euf/b/n on input line 106.
))
("C:\Program Files\MiKTeX 2.9\tex\latex\amscls\amsthm.sty"
Package: amsthm 2015/03/04 v2.20.2
\thm@style=\toks20
\thm@bodyfont=\toks21
\thm@headfont=\toks22
\thm@notefont=\toks23
\thm@headpunct=\toks24
\thm@preskip=\skip46
\thm@postskip=\skip47
\thm@headsep=\skip48
\dth@everypar=\toks25
)
("C:\Program Files\MiKTeX 2.9\tex\latex\thmtools\thmtools.sty"
Package: thmtools 2014/04/21 v66
\thmt@toks=\toks26
\c@thmt@dummyctr=\count101

("C:\Program Files\MiKTeX 2.9\tex\latex\thmtools\thm-patch.sty"
Package: thm-patch 2014/04/21 v66

("C:\Program Files\MiKTeX 2.9\tex\latex\thmtools\parseargs.sty"
Package: parseargs 2014/04/21 v66
\@parsespec=\toks27
))
("C:\Program Files\MiKTeX 2.9\tex\latex\thmtools\thm-kv.sty"
Package: thm-kv 2014/04/21 v66
Package thm-kv Info: Theorem names will be uppercased on input line 40.
Package thm-kv Info: kvsetkeys patch (v1.16 or later) on input line 156.
)
("C:\Program Files\MiKTeX 2.9\tex\latex\thmtools\thm-autoref.sty"
Package: thm-autoref 2014/04/21 v66

("C:\Program Files\MiKTeX 2.9\tex\latex\thmtools\aliasctr.sty"
Package: aliasctr 2014/04/21 v66

("C:\Program Files\MiKTeX 2.9\tex\latex\carlisle\remreset.sty")))
("C:\Program Files\MiKTeX 2.9\tex\latex\thmtools\thm-listof.sty"
Package: thm-listof 2014/04/21 v66
)
("C:\Program Files\MiKTeX 2.9\tex\latex\thmtools\thm-restate.sty"
Package: thm-restate 2014/04/21 v66
)
("C:\Program Files\MiKTeX 2.9\tex\latex\thmtools\thm-amsthm.sty"
Package: thm-amsthm 2014/04/21 v66
\thmt@style@headstyle=\toks28
))
("C:\Program Files\MiKTeX 2.9\tex\latex\geometry\geometry.sty"
Package: geometry 2010/09/12 v5.6 Page Geometry

("C:\Program Files\MiKTeX 2.9\tex\generic\oberdiek\ifpdf.sty"
Package: ifpdf 2011/01/30 v2.3 Provides the ifpdf switch (HO)
Package ifpdf Info: pdfTeX in PDF mode is detected.
)
("C:\Program Files\MiKTeX 2.9\tex\generic\oberdiek\ifvtex.sty"
Package: ifvtex 2010/03/01 v1.5 Detect VTeX and its facilities (HO)
Package ifvtex Info: VTeX not detected.
)
("C:\Program Files\MiKTeX 2.9\tex\generic\ifxetex\ifxetex.sty"
Package: ifxetex 2010/09/12 v0.6 Provides ifxetex conditional
)
\Gm@cnth=\count102
\Gm@cntv=\count103
\c@Gm@tempcnt=\count104
\Gm@bindingoffset=\dimen113
\Gm@wd@mp=\dimen114
\Gm@odd@mp=\dimen115
\Gm@even@mp=\dimen116
\Gm@layoutwidth=\dimen117
\Gm@layoutheight=\dimen118
\Gm@layouthoffset=\dimen119
\Gm@layoutvoffset=\dimen120
\Gm@dimlist=\toks29

("C:\Program Files\MiKTeX 2.9\tex\latex\geometry\geometry.cfg"))
("C:\Program Files\MiKTeX 2.9\tex\latex\graphics\graphicx.sty"
Package: graphicx 2014/10/28 v1.0g Enhanced LaTeX Graphics (DPC,SPQR)

("C:\Program Files\MiKTeX 2.9\tex\latex\graphics\graphics.sty"
Package: graphics 2014/10/28 v1.0p Standard LaTeX Graphics (DPC,SPQR)

("C:\Program Files\MiKTeX 2.9\tex\latex\graphics\trig.sty"
Package: trig 1999/03/16 v1.09 sin cos tan (DPC)
)
("C:\Program Files\MiKTeX 2.9\tex\latex\00miktex\graphics.cfg"
File: graphics.cfg 2007/01/18 v1.5 graphics configuration of teTeX/TeXLive
)
Package graphics Info: Driver file: pdftex.def on input line 94.
)
\Gin@req@height=\dimen121
\Gin@req@width=\dimen122
)
("C:\Program Files\MiKTeX 2.9\tex\latex\caption\caption.sty"
Package: caption 2015/09/17 v3.3-111 Customizing captions (AR)

("C:\Program Files\MiKTeX 2.9\tex\latex\caption\caption3.sty"
Package: caption3 2015/09/20 v1.7-115 caption3 kernel (AR)
Package caption3 Info: TeX engine: e-TeX on input line 57.
\captionmargin=\dimen123
\captionmargin@=\dimen124
\captionwidth=\dimen125
\caption@tempdima=\dimen126
\caption@indent=\dimen127
\caption@parindent=\dimen128
\caption@hangindent=\dimen129
)
\c@ContinuedFloat=\count105
)
("C:\Program Files\MiKTeX 2.9\tex\latex\caption\subcaption.sty"
Package: subcaption 2015/09/15 v1.1-100 Sub-captions (AR)
\c@subfigure=\count106
\c@subtable=\count107
)
("C:\Program Files\MiKTeX 2.9\tex\latex\oberdiek\epstopdf.sty"
Package: epstopdf 2010/02/09 v2.5 Conversion with epstopdf on the fly (HO)

("C:\Program Files\MiKTeX 2.9\tex\latex\oberdiek\epstopdf-base.sty"
Package: epstopdf-base 2010/02/09 v2.5 Base part for package epstopdf

("C:\Program Files\MiKTeX 2.9\tex\latex\oberdiek\grfext.sty"
Package: grfext 2010/08/19 v1.1 Manage graphics extensions (HO)

("C:\Program Files\MiKTeX 2.9\tex\generic\oberdiek\kvdefinekeys.sty"
Package: kvdefinekeys 2011/04/07 v1.3 Define keys (HO)
))
("C:\Program Files\MiKTeX 2.9\tex\generic\oberdiek\pdftexcmds.sty"
Package: pdftexcmds 2011/11/29 v0.20 Utility functions of pdfTeX for LuaTeX (HO
)
Package pdftexcmds Info: LuaTeX not detected.
Package pdftexcmds Info: \pdf@primitive is available.
Package pdftexcmds Info: \pdf@ifprimitive is available.
Package pdftexcmds Info: \pdfdraftmode found.
)
Package grfext Info: Graphics extension search list:
(grfext)             [.png,.pdf,.jpg,.mps,.jpeg,.jbig2,.jb2,.PNG,.PDF,.JPG,.JPE
G,.JBIG2,.JB2,.eps]
(grfext)             \AppendGraphicsExtensions on input line 452.
))
("C:\Program Files\MiKTeX 2.9\tex\latex\framed\framed.sty"
Package: framed 2011/10/22 v 0.96: framed or shaded text with page breaks
\OuterFrameSep=\skip49
\fb@frw=\dimen130
\fb@frh=\dimen131
\FrameRule=\dimen132
\FrameSep=\dimen133
)
("C:\Program Files\MiKTeX 2.9\tex\latex\fancyhdr\fancyhdr.sty"
\fancy@headwidth=\skip50
\f@ncyO@elh=\skip51
\f@ncyO@erh=\skip52
\f@ncyO@olh=\skip53
\f@ncyO@orh=\skip54
\f@ncyO@elf=\skip55
\f@ncyO@erf=\skip56
\f@ncyO@olf=\skip57
\f@ncyO@orf=\skip58
)
("C:\Program Files\MiKTeX 2.9\tex\latex\ltxmisc\relsize.sty"
Package: relsize 2003/07/04 ver 3.1
)
("C:\Program Files\MiKTeX 2.9\tex\latex\tools\longtable.sty"
Package: longtable 2014/10/28 v4.11 Multi-page Table package (DPC)
\LTleft=\skip59
\LTright=\skip60
\LTpre=\skip61
\LTpost=\skip62
\LTchunksize=\count108
\LTcapwidth=\dimen134
\LT@head=\box28
\LT@firsthead=\box29
\LT@foot=\box30
\LT@lastfoot=\box31
\LT@cols=\count109
\LT@rows=\count110
\c@LT@tables=\count111
\c@LT@chunks=\count112
\LT@p@ftn=\toks30
)
("C:\Program Files\MiKTeX 2.9\tex\latex\tools\array.sty"
Package: array 2014/10/28 v2.4c Tabular extension package (FMi)
\col@sep=\dimen135
\extrarowheight=\dimen136
\NC@list=\toks31
\extratabsurround=\skip63
\backup@length=\skip64
)
("C:\Program Files\MiKTeX 2.9\tex\latex\titlesec\titlesec.sty"
Package: titlesec 2011/12/15 v2.10.0 Sectioning titles
\ttl@box=\box32
\beforetitleunit=\skip65
\aftertitleunit=\skip66
\ttl@plus=\dimen137
\ttl@minus=\dimen138
\ttl@toksa=\toks32
\titlewidth=\dimen139
\titlewidthlast=\dimen140
\titlewidthfirst=\dimen141
)
("C:\Program Files\MiKTeX 2.9\tex\latex\titlesec\titletoc.sty"
Package: titletoc 2011/12/15 v1.6 TOC entries
\ttl@leftsep=\dimen142
)
("C:\Program Files\MiKTeX 2.9\tex\latex\tools\tabularx.sty"
Package: tabularx 2014/10/28 v2.10 `tabularx' package (DPC)
\TX@col@width=\dimen143
\TX@old@table=\dimen144
\TX@old@col=\dimen145
\TX@target=\dimen146
\TX@delta=\dimen147
\TX@cols=\count113
\TX@ftn=\toks33
)
("C:\Program Files\MiKTeX 2.9\tex\latex\bbding\bbding.sty"
Package: bbding 1999/04/15 v1.01 Dingbats symbols
)
("C:\Program Files\MiKTeX 2.9\tex\latex\enumitem\enumitem.sty"
Package: enumitem 2011/09/28 v3.5.2 Customized lists
\labelindent=\skip67
\enit@outerparindent=\dimen148
\enit@toks=\toks34
\enit@inbox=\box33
\enitdp@description=\count114
)
("C:\Program Files\MiKTeX 2.9\tex\latex\cancel\cancel.sty"
Package: cancel 2013/04/12 v2.2 Cancel math terms
)
("C:\Program Files\MiKTeX 2.9\tex\latex\morefloats\morefloats.sty"
Package: morefloats 2015/07/22 v1.0h Raise limit of unprocessed floats (HMM)
Package morefloats Info: Maximum number of possible floats asked for: 36
(morefloats)             (i.e. 18 more floats).
(morefloats)             LaTeX might run out of memory before this
(morefloats)             (in which case it will notify you).
)
("C:\Program Files\MiKTeX 2.9\tex\latex\scalerel\scalerel.sty"
Package: scalerel 2015/02/18 v1.7 Routines for constrained scaling and stretchi
ng of objects, relative to a reference object or in absolute terms

("C:\Program Files\MiKTeX 2.9\tex\latex\tools\calc.sty"
Package: calc 2014/10/28 v4.3 Infix arithmetic (KKT,FJ)
\calc@Acount=\count115
\calc@Bcount=\count116
\calc@Adimen=\dimen149
\calc@Bdimen=\dimen150
\calc@Askip=\skip68
\calc@Bskip=\skip69
LaTeX Info: Redefining \setlength on input line 80.
LaTeX Info: Redefining \addtolength on input line 81.
\calc@Ccount=\count117
\calc@Cskip=\skip70
)
("C:\Program Files\MiKTeX 2.9\tex\latex\etoolbox\etoolbox.sty"
Package: etoolbox 2015/08/02 v2.2a e-TeX tools for LaTeX (JAW)
\etb@tempcnta=\count118
)
\thesrwidth=\skip71
\thesrheight=\skip72
\srblobheight=\skip73
\srblobdepth=\skip74
\mnxsrwidth=\skip75
\prebox=\box34
\LMex=\skip76
\LMpt=\skip77
)
("C:\Program Files\MiKTeX 2.9\tex\latex\ulem\ulem.sty"
\UL@box=\box35
\UL@hyphenbox=\box36
\UL@skip=\skip78
\UL@hook=\toks35
\UL@height=\dimen151
\UL@pe=\count119
\UL@pixel=\dimen152
\ULC@box=\box37
Package: ulem 2012/05/18
\ULdepth=\dimen153
)
("C:\Program Files\MiKTeX 2.9\tex\latex\base\makeidx.sty"
Package: makeidx 2014/09/29 v1.0m Standard LaTeX package
)
("C:\Program Files\MiKTeX 2.9\tex\latex\hyperref\hyperref.sty"
Package: hyperref 2012/11/06 v6.83m Hypertext links for LaTeX

("C:\Program Files\MiKTeX 2.9\tex\generic\oberdiek\hobsub-hyperref.sty"
Package: hobsub-hyperref 2012/04/25 v1.12 Bundle oberdiek, subset hyperref (HO)


("C:\Program Files\MiKTeX 2.9\tex\generic\oberdiek\hobsub-generic.sty"
Package: hobsub-generic 2012/04/25 v1.12 Bundle oberdiek, subset generic (HO)
Package: hobsub 2012/04/25 v1.12 Construct package bundles (HO)
Package hobsub Info: Skipping package `infwarerr' (already loaded).
Package hobsub Info: Skipping package `ltxcmds' (already loaded).
Package hobsub Info: Skipping package `ifluatex' (already loaded).
Package hobsub Info: Skipping package `ifvtex' (already loaded).
Package: intcalc 2007/09/27 v1.1 Expandable calculations with integers (HO)
Package hobsub Info: Skipping package `ifpdf' (already loaded).
Package hobsub Info: Skipping package `etexcmds' (already loaded).
Package hobsub Info: Skipping package `kvsetkeys' (already loaded).
Package hobsub Info: Skipping package `kvdefinekeys' (already loaded).
Package hobsub Info: Skipping package `pdftexcmds' (already loaded).
Package: pdfescape 2011/11/25 v1.13 Implements pdfTeX's escape features (HO)
Package: bigintcalc 2012/04/08 v1.3 Expandable calculations on big integers (HO
)
Package: bitset 2011/01/30 v1.1 Handle bit-vector datatype (HO)
Package: uniquecounter 2011/01/30 v1.2 Provide unlimited unique counter (HO)
)
Package hobsub Info: Skipping package `hobsub' (already loaded).
Package: letltxmacro 2010/09/02 v1.4 Let assignment for LaTeX macros (HO)
Package: hopatch 2011/06/24 v1.1 Wrapper for package hooks (HO)
Package: xcolor-patch 2011/01/30 xcolor patch
Package: atveryend 2011/06/30 v1.8 Hooks at the very end of document (HO)
Package: atbegshi 2011/10/05 v1.16 At begin shipout hook (HO)
Package: refcount 2011/10/16 v3.4 Data extraction from label references (HO)
Package: hycolor 2011/01/30 v1.7 Color options for hyperref/bookmark (HO)
)
("C:\Program Files\MiKTeX 2.9\tex\latex\oberdiek\auxhook.sty"
Package: auxhook 2011/03/04 v1.3 Hooks for auxiliary files (HO)
)
\@linkdim=\dimen154
\Hy@linkcounter=\count120
\Hy@pagecounter=\count121

("C:\Program Files\MiKTeX 2.9\tex\latex\hyperref\pd1enc.def"
File: pd1enc.def 2012/11/06 v6.83m Hyperref: PDFDocEncoding definition (HO)
)
\Hy@SavedSpaceFactor=\count122

("C:\Program Files\MiKTeX 2.9\tex\latex\00miktex\hyperref.cfg"
File: hyperref.cfg 2002/06/06 v1.2 hyperref configuration of TeXLive
)
Package hyperref Info: Option `colorlinks' set `true' on input line 4319.
Package hyperref Info: Option `pageanchor' set `true' on input line 4319.
Package hyperref Info: Hyper figures OFF on input line 4443.
Package hyperref Info: Link nesting OFF on input line 4448.
Package hyperref Info: Hyper index ON on input line 4451.
Package hyperref Info: Plain pages OFF on input line 4458.
Package hyperref Info: Backreferencing OFF on input line 4463.
Package hyperref Info: Implicit mode ON; LaTeX internals redefined.
Package hyperref Info: Bookmarks ON on input line 4688.
\c@Hy@tempcnt=\count123

("C:\Program Files\MiKTeX 2.9\tex\latex\url\url.sty"
\Urlmuskip=\muskip11
Package: url 2013/09/16  ver 3.4  Verb mode for urls, etc.
)
LaTeX Info: Redefining \url on input line 5041.
\XeTeXLinkMargin=\dimen155
\Fld@menulength=\count124
\Field@Width=\dimen156
\Fld@charsize=\dimen157
Package hyperref Info: Hyper figures OFF on input line 6295.
Package hyperref Info: Link nesting OFF on input line 6300.
Package hyperref Info: Hyper index ON on input line 6303.
Package hyperref Info: backreferencing OFF on input line 6310.
Package hyperref Info: Link coloring ON on input line 6313.
Package hyperref Info: Link coloring with OCG OFF on input line 6320.
Package hyperref Info: PDF/A mode OFF on input line 6325.
LaTeX Info: Redefining \ref on input line 6365.
LaTeX Info: Redefining \pageref on input line 6369.
\Hy@abspage=\count125
\c@Item=\count126
\c@Hfootnote=\count127
)

Package hyperref Message: Driver (autodetected): hpdftex.

("C:\Program Files\MiKTeX 2.9\tex\latex\hyperref\hpdftex.def"
File: hpdftex.def 2012/11/06 v6.83m Hyperref driver for pdfTeX
\Fld@listcount=\count128
\c@bookmark@seq@number=\count129

("C:\Program Files\MiKTeX 2.9\tex\latex\oberdiek\rerunfilecheck.sty"
Package: rerunfilecheck 2011/04/15 v1.7 Rerun checks for auxiliary files (HO)
Package uniquecounter Info: New unique counter `rerunfilecheck' on input line 2
82.
)
\Hy@SectionHShift=\skip79
)
Package hyperref Info: Option `linktocpage' set `true' on input line 52.
Package hyperref Info: Option `breaklinks' set `true' on input line 52.
Package hyperref Info: Option `plainpages' set `false' on input line 52.
Package hyperref Info: Option `bookmarksnumbered' set `true' on input line 52.
Package hyperref Info: Option `bookmarksopen' set `true' on input line 52.
Package hyperref Info: Option `hypertexnames' set `true' on input line 52.

("C:\Program Files\MiKTeX 2.9\tex\latex\listings\listings.sty"
\lst@mode=\count130
\lst@gtempboxa=\box38
\lst@token=\toks36
\lst@length=\count131
\lst@currlwidth=\dimen158
\lst@column=\count132
\lst@pos=\count133
\lst@lostspace=\dimen159
\lst@width=\dimen160
\lst@newlines=\count134
\lst@lineno=\count135
\lst@maxwidth=\dimen161

("C:\Program Files\MiKTeX 2.9\tex\latex\listings\lstmisc.sty"
File: lstmisc.sty 2015/06/04 1.6 (Carsten Heinz)
\c@lstnumber=\count136
\lst@skipnumbers=\count137
\lst@framebox=\box39
)
("C:\Program Files\MiKTeX 2.9\tex\latex\listings\listings.cfg"
File: listings.cfg 2015/06/04 1.6 listings configuration
))
Package: listings 2015/06/04 1.6 (Carsten Heinz)

("C:\Program Files\MiKTeX 2.9\tex\latex\listings\lstlang1.sty"
File: lstlang1.sty 2015/06/04 1.6 listings language file
))
(Settings/Page.tex

Package Fancyhdr Warning: \fancyhead's `E' option without twoside option is use
less on input line 14.


Package Fancyhdr Warning: \fancyhead's `E' option without twoside option is use
less on input line 16.

\@indexfile=\write3
Writing index file Report.idx
) (Settings/Macro.tex
\c@notation=\count138
\c@exercise=\count139
\c@thrm=\count140
\c@lem=\count141
\c@exmp=\count142
\c@rem=\count143
\c@prop=\count144
\c@defn=\count145
) (Report.aux)
LaTeX Font Info:    Checking defaults for OML/cmm/m/it on input line 8.
LaTeX Font Info:    ... okay on input line 8.
LaTeX Font Info:    Checking defaults for T1/cmr/m/n on input line 8.
LaTeX Font Info:    ... okay on input line 8.
LaTeX Font Info:    Checking defaults for OT1/cmr/m/n on input line 8.
LaTeX Font Info:    ... okay on input line 8.
LaTeX Font Info:    Checking defaults for OMS/cmsy/m/n on input line 8.
LaTeX Font Info:    ... okay on input line 8.
LaTeX Font Info:    Checking defaults for OMX/cmex/m/n on input line 8.
LaTeX Font Info:    ... okay on input line 8.
LaTeX Font Info:    Checking defaults for U/cmr/m/n on input line 8.
LaTeX Font Info:    ... okay on input line 8.
LaTeX Font Info:    Checking defaults for PD1/pdf/m/n on input line 8.
LaTeX Font Info:    ... okay on input line 8.

("C:\Program Files\MiKTeX 2.9\tex\context\base\supp-pdf.mkii"
[Loading MPS to PDF converter (version 2006.09.02).]
\scratchcounter=\count146
\scratchdimen=\dimen162
\scratchbox=\box40
\nofMPsegments=\count147
\nofMParguments=\count148
\everyMPshowfont=\toks37
\MPscratchCnt=\count149
\MPscratchDim=\dimen163
\MPnumerator=\count150
\makeMPintoPDFobject=\count151
\everyMPtoPDFconversion=\toks38
)
*geometry* driver: auto-detecting
*geometry* detected driver: pdftex
*geometry* verbose mode - [ preamble ] result:
* driver: pdftex
* paper: <default>
* layout: <same size as paper>
* layoutoffset:(h,v)=(0.0pt,0.0pt)
* modes: 
* h-part:(L,W,R)=(36.135pt, 542.02501pt, 36.135pt)
* v-part:(T,H,B)=(72.26999pt, 650.43001pt, 72.26999pt)
* \paperwidth=614.295pt
* \paperheight=794.96999pt
* \textwidth=542.02501pt
* \textheight=650.43001pt
* \oddsidemargin=-36.135pt
* \evensidemargin=-36.135pt
* \topmargin=-37.0pt
* \headheight=15.0pt
* \headsep=25.0pt
* \topskip=10.0pt
* \footskip=30.0pt
* \marginparwidth=65.0pt
* \marginparsep=11.0pt
* \columnsep=10.0pt
* \skip\footins=9.0pt plus 4.0pt minus 2.0pt
* \hoffset=0.0pt
* \voffset=0.0pt
* \mag=1000
* \@twocolumnfalse
* \@twosidefalse
* \@mparswitchfalse
* \@reversemarginfalse
* (1in=72.27pt=25.4mm, 1cm=28.453pt)

Package caption Info: Begin \AtBeginDocument code.
Package caption Info: hyperref package is loaded.
Package caption Info: listings package is loaded.
Package caption Info: longtable package is loaded.
("C:\Program Files\MiKTeX 2.9\tex\latex\caption\ltcaption.sty"
Package: ltcaption 2013/06/09 v1.4-94 longtable captions (AR)
)
Package caption Info: End \AtBeginDocument code.
\AtBeginShipoutBox=\box41
Package hyperref Info: Link coloring ON on input line 8.

("C:\Program Files\MiKTeX 2.9\tex\latex\hyperref\nameref.sty"
Package: nameref 2012/10/27 v2.43 Cross-referencing by name of section

("C:\Program Files\MiKTeX 2.9\tex\generic\oberdiek\gettitlestring.sty"
Package: gettitlestring 2010/12/03 v1.4 Cleanup title references (HO)
)
\c@section@level=\count152
)
LaTeX Info: Redefining \ref on input line 8.
LaTeX Info: Redefining \pageref on input line 8.
LaTeX Info: Redefining \nameref on input line 8.

(Report.out) (Report.out)
\@outlinefile=\write4
\c@lstlisting=\count153
 (Settings/Titlepage.tex
<Figures/SEAS_S.pdf, id=79, 112.42pt x 131.49126pt>
File: Figures/SEAS_S.pdf Graphic file (type pdf)
 <use Figures/SEAS_S.pdf>
Package pdftex.def Info: Figures/SEAS_S.pdf used on input line 7.
(pdftex.def)             Requested size: 71.13188pt x 83.20308pt.

<Figures/IACS.jpg, id=80, 311.1625pt x 349.305pt>
File: Figures/IACS.jpg Graphic file (type jpg)
 <use Figures/IACS.jpg>
Package pdftex.def Info: Figures/IACS.jpg used on input line 12.
(pdftex.def)             Requested size: 82.51282pt x 92.62401pt.
LaTeX Font Info:    Try loading font information for U+msa on input line 23.

("C:\Program Files\MiKTeX 2.9\tex\latex\amsfonts\umsa.fd"
File: umsa.fd 2013/01/14 v3.01 AMS symbols A
)
LaTeX Font Info:    Try loading font information for U+msb on input line 23.

("C:\Program Files\MiKTeX 2.9\tex\latex\amsfonts\umsb.fd"
File: umsb.fd 2013/01/14 v3.01 AMS symbols B
) [1

{C:/Users/Nick/AppData/Local/MiKTeX/2.9/pdftex/config/pdftex.map} <./Figures/SE
AS_S.pdf> <./Figures/IACS.jpg>])
LaTeX Font Info:    Try loading font information for T1+cmtt on input line 28.
 ("C:\Program Files\MiKTeX 2.9\tex\latex\base\t1cmtt.fd"
File: t1cmtt.fd 2014/09/29 v2.5h Standard LaTeX font definitions
)
<Figures/Site_Meter.pdf, id=103, 856.19875pt x 657.45625pt>
File: Figures/Site_Meter.pdf Graphic file (type pdf)

<use Figures/Site_Meter.pdf>
Package pdftex.def Info: Figures/Site_Meter.pdf used on input line 32.
(pdftex.def)             Requested size: 368.58073pt x 283.0217pt.
pdfTeX warning (ext4): destination with the same identifier (name{page.1}) has 
been already used, duplicate ignored
<to be read again> 
                   \relax 
l.37 
      [1] <Figures/NILM_Data_Pipeline.pdf, id=114, 1053.26494pt x 337.92949pt>
File: Figures/NILM_Data_Pipeline.pdf Graphic file (type pdf)

<use Figures/NILM_Data_Pipeline.pdf>
Package pdftex.def Info: Figures/NILM_Data_Pipeline.pdf used on input line 42.
(pdftex.def)             Requested size: 368.58073pt x 118.25647pt.
 [2 <./Figures/Site_Meter.pdf> <./Figures/NILM_Data_Pipeline.pdf

pdfTeX warning: pdflatex.exe (file ./Figures/NILM_Data_Pipeline.pdf): PDF inclu
sion: multiple pdfs with page group included in a single page
>] <Figures/Combinatorial.pdf, id=224, 501.12518pt x 325.35956pt>
File: Figures/Combinatorial.pdf Graphic file (type pdf)

<use Figures/Combinatorial.pdf>
Package pdftex.def Info: Figures/Combinatorial.pdf used on input line 69.
(pdftex.def)             Requested size: 406.51875pt x 263.94688pt.
 [3]
<Figures/FHMM.pdf, id=241, 774.51958pt x 397.80722pt>
File: Figures/FHMM.pdf Graphic file (type pdf)
 <use Figures/FHMM.pdf>
Package pdftex.def Info: Figures/FHMM.pdf used on input line 83.
(pdftex.def)             Requested size: 433.62166pt x 222.71588pt.

[4 <./Figures/Combinatorial.pdf> <./Figures/FHMM.pdf

pdfTeX warning: pdflatex.exe (file ./Figures/FHMM.pdf): PDF inclusion: multiple
 pdfs with page group included in a single page
>] <Figures/convnet_architecture.pdf, id=370, 620.60255pt x 421.4375pt>
File: Figures/convnet_architecture.pdf Graphic file (type pdf)

<use Figures/convnet_architecture.pdf>
Package pdftex.def Info: Figures/convnet_architecture.pdf used on input line 11
1.
(pdftex.def)             Requested size: 348.0pt x 236.31848pt.
 [5] [6 <./Figures/convnet_architecture.pdf>] [7] <Figures/trainloss.pdf, id=44
8, 588.09409pt x 457.67587pt>
File: Figures/trainloss.pdf Graphic file (type pdf)

<use Figures/trainloss.pdf>
Package pdftex.def Info: Figures/trainloss.pdf used on input line 179.
(pdftex.def)             Requested size: 325.2183pt x 253.10524pt.

<Figures/num_states.pdf, id=449, 397.485pt x 252.945pt>
File: Figures/num_states.pdf Graphic file (type pdf)

<use Figures/num_states.pdf>
Package pdftex.def Info: Figures/num_states.pdf used on input line 190.
(pdftex.def)             Requested size: 271.0125pt x 172.46733pt.

<Figures/output_example.pdf, id=450, 543.99237pt x 407.65599pt>
File: Figures/output_example.pdf Graphic file (type pdf)

<use Figures/output_example.pdf>
Package pdftex.def Info: Figures/output_example.pdf used on input line 196.
(pdftex.def)             Requested size: 243.90959pt x 182.77792pt.
 [8 <./Figures/trainloss.pdf>]
<Figures/Scores.pdf, id=489, 978.65625pt x 958.58125pt>
File: Figures/Scores.pdf Graphic file (type pdf)

<use Figures/Scores.pdf>
Package pdftex.def Info: Figures/Scores.pdf used on input line 211.
(pdftex.def)             Requested size: 433.62166pt x 424.73166pt.
 [9 <./Figures/num_states.pdf> <./Figures/output_example.pdf>]
Package atveryend Info: Empty hook `BeforeClearDocument' on input line 239.
 [10 <./Figures/Scores.pdf>]
Package atveryend Info: Empty hook `AfterLastShipout' on input line 239.
 (Report.aux)
Package atveryend Info: Executing hook `AtVeryEndDocument' on input line 239.
Package atveryend Info: Executing hook `AtEndAfterFileList' on input line 239.
Package rerunfilecheck Info: File `Report.out' has not changed.
(rerunfilecheck)             Checksum: 12C5C24A5B2F363C2752785F21737BD5;1516.
 ) 
Here is how much of TeX's memory you used:
 12512 strings out of 493636
 181606 string characters out of 3143758
 332378 words of memory out of 3000000
 15580 multiletter control sequences out of 15000+200000
 52219 words of font info for 39 fonts, out of 3000000 for 9000
 1025 hyphenation exceptions out of 8191
 39i,12n,43p,1953b,475s stack positions out of 5000i,500n,10000p,200000b,50000s
{C:/Program Files/MiKTeX 2.9/fonts/enc/dvips/cm-super/cm-super-t1.enc}{C:/Pro
gram Files/MiKTeX 2.9/fonts/enc/dvips/tex-gyre/q-ec.enc}{C:/Program Files/MiKTe
X 2.9/fonts/enc/dvips/tex-gyre/q-ec-sc.enc}<C:/Program Files/MiKTeX 2.9/fonts/t
ype1/public/amsfonts/cm/cmex10.pfb><C:/Program Files/MiKTeX 2.9/fonts/type1/pub
lic/amsfonts/cm/cmmi10.pfb><C:/Program Files/MiKTeX 2.9/fonts/type1/public/amsf
onts/cm/cmmi5.pfb><C:/Program Files/MiKTeX 2.9/fonts/type1/public/amsfonts/cm/c
mmi7.pfb><C:/Program Files/MiKTeX 2.9/fonts/type1/public/amsfonts/cm/cmr10.pfb>
<C:/Program Files/MiKTeX 2.9/fonts/type1/public/amsfonts/cm/cmr5.pfb><C:/Progra
m Files/MiKTeX 2.9/fonts/type1/public/amsfonts/cm/cmr7.pfb><C:/Program Files/Mi
KTeX 2.9/fonts/type1/public/amsfonts/cm/cmsy10.pfb><C:/Program Files/MiKTeX 2.9
/fonts/type1/public/amsfonts/cm/cmsy7.pfb><C:/Program Files/MiKTeX 2.9/fonts/ty
pe1/public/tex-gyre/qcsb.pfb><C:/Program Files/MiKTeX 2.9/fonts/type1/public/te
x-gyre/qcsr.pfb><C:/Program Files/MiKTeX 2.9/fonts/type1/public/tex-gyre/qcsri.
pfb><C:/Program Files/MiKTeX 2.9/fonts/type1/public/cm-super/sftt1000.pfb>
Output written on Report.pdf (11 pages, 4910037 bytes).
PDF statistics:
 642 PDF objects out of 1000 (max. 8388607)
 53 named destinations out of 1000 (max. 500000)
 208 words of extra memory for PDF output out of 10000 (max. 10000000)

