This is pdfTeX, Version 3.14159265-2.6-1.40.16 (MiKTeX 2.9 64-bit) (preloaded format=pdflatex 2015.8.17)  13 APR 2016 01:46
entering extended mode
**"C:/Users/Nikos/Google Drive/PhD/Courses/Semester 2/AM216/Project/Settings/Pa
ckages.tex"

("C:/Users/Nikos/Google Drive/PhD/Courses/Semester 2/AM216/Project/Settings/Pac
kages.tex"
LaTeX2e <2015/01/01> patch level 2
Babel <3.9m> and hyphenation patterns for 69 languages loaded.

! LaTeX Error: \usepackage before \documentclass.

See the LaTeX manual or LaTeX Companion for explanation.
Type  H <return>  for immediate help.
 ...                                              
                                                  
l.1 \usepackage{
                tgschola}
? 
! Emergency stop.
 ...                                              
                                                  
l.1 \usepackage{
                tgschola}
\usepackage may only appear in the document preamble, i.e.,
between \documentclass and \begin{document}.

 
Here is how much of TeX's memory you used:
 8 strings out of 493673
 458 string characters out of 3143960
 52455 words of memory out of 3000000
 3454 multiletter control sequences out of 15000+200000
 3640 words of font info for 14 fonts, out of 3000000 for 9000
 1025 hyphenation exceptions out of 8191
 5i,0n,5p,113b,14s stack positions out of 5000i,500n,10000p,200000b,50000s
!  ==> Fatal error occurred, no output PDF file produced!
